mode: set
github.com/prashant9154/Booking_System/internal/render/render.go:22.40,24.2 1 1
github.com/prashant9154/Booking_System/internal/render/render.go:26.84,32.2 5 1
github.com/prashant9154/Booking_System/internal/render/render.go:101.106,104.18 2 1
github.com/prashant9154/Booking_System/internal/render/render.go:104.18,107.3 1 0
github.com/prashant9154/Booking_System/internal/render/render.go:107.8,109.3 1 1
github.com/prashant9154/Booking_System/internal/render/render.go:116.2,117.9 2 1
github.com/prashant9154/Booking_System/internal/render/render.go:117.9,120.3 1 1
github.com/prashant9154/Booking_System/internal/render/render.go:122.2,127.16 4 1
github.com/prashant9154/Booking_System/internal/render/render.go:127.16,130.3 2 0
github.com/prashant9154/Booking_System/internal/render/render.go:133.2,134.16 2 1
github.com/prashant9154/Booking_System/internal/render/render.go:134.16,137.3 2 0
github.com/prashant9154/Booking_System/internal/render/render.go:139.2,139.12 1 1
github.com/prashant9154/Booking_System/internal/render/render.go:142.67,147.16 3 1
github.com/prashant9154/Booking_System/internal/render/render.go:147.16,149.3 1 0
github.com/prashant9154/Booking_System/internal/render/render.go:152.2,152.29 1 1
github.com/prashant9154/Booking_System/internal/render/render.go:152.29,155.17 3 1
github.com/prashant9154/Booking_System/internal/render/render.go:155.17,157.4 1 0
github.com/prashant9154/Booking_System/internal/render/render.go:159.3,160.17 2 1
github.com/prashant9154/Booking_System/internal/render/render.go:160.17,162.4 1 0
github.com/prashant9154/Booking_System/internal/render/render.go:164.3,164.23 1 1
github.com/prashant9154/Booking_System/internal/render/render.go:164.23,166.18 2 1
github.com/prashant9154/Booking_System/internal/render/render.go:166.18,168.5 1 0
github.com/prashant9154/Booking_System/internal/render/render.go:171.3,171.21 1 1
github.com/prashant9154/Booking_System/internal/render/render.go:174.2,174.21 1 1
